[INFO] 2025-01-21 10:22:14,353 - Watching for file changes with StatReloader
[INFO] 2025-01-21 10:22:45,713 - "GET / HTTP/1.1" 200 4381
[WARNING] 2025-01-21 10:22:45,881 - Not Found: /favicon.ico
[WARNING] 2025-01-21 10:22:45,882 - "GET /favicon.ico HTTP/1.1" 404 10875
[INFO] 2025-01-21 10:22:47,100 - "GET /services HTTP/1.1" 301 0
[INFO] 2025-01-21 10:22:47,121 - "GET /services/ HTTP/1.1" 200 4157
[INFO] 2025-01-21 10:22:47,338 - "GET /static/styles.css HTTP/1.1" 200 113
[INFO] 2025-01-21 10:23:18,970 - "GET /logout/ HTTP/1.1" 302 0
[INFO] 2025-01-21 10:23:18,970 - "GET /login/ HTTP/1.1" 200 2578
[INFO] 2025-01-21 10:24:16,300 - Watching for file changes with StatReloader
[INFO] 2025-01-21 10:24:31,785 - "GET /login/ HTTP/1.1" 200 2578
[INFO] 2025-01-21 10:24:33,077 - "POST /login/ HTTP/1.1" 302 0
[INFO] 2025-01-21 10:24:33,084 - "GET / HTTP/1.1" 200 4381
[INFO] 2025-01-21 10:26:39,083 - C:\Users\eachi\PycharmProjects\service_center\service_center\service_center\settings.py changed, reloading.
[INFO] 2025-01-21 10:26:39,734 - Watching for file changes with StatReloader
[INFO] 2025-01-21 10:27:29,504 - C:\Users\eachi\PycharmProjects\service_center\service_center\service_center\settings.py changed, reloading.
[INFO] 2025-01-21 10:27:30,031 - Watching for file changes with StatReloader
[INFO] 2025-01-21 10:27:34,862 - Watching for file changes with StatReloader
[INFO] 2025-01-21 10:27:51,377 - "GET / HTTP/1.1" 200 4381
[INFO] 2025-01-21 10:27:57,602 - "GET /services/ HTTP/1.1" 200 4157
[INFO] 2025-01-21 10:28:09,226 - "GET /services/ HTTP/1.1" 200 4157
[INFO] 2025-01-21 10:28:09,405 - "GET /static/styles.css HTTP/1.1" 200 113
[INFO] 2025-01-21 10:28:16,494 - "GET /services/ HTTP/1.1" 200 4157
[INFO] 2025-01-21 10:28:25,939 - "GET /chart HTTP/1.1" 301 0
[INFO] 2025-01-21 10:28:26,203 - "GET /chart/ HTTP/1.1" 200 1481
[INFO] 2025-01-21 10:28:29,392 - "GET /clients HTTP/1.1" 301 0
[INFO] 2025-01-21 10:28:29,399 - "GET /clients/ HTTP/1.1" 200 7442
[INFO] 2025-01-21 10:28:33,011 - "GET /about/ HTTP/1.1" 200 3376
[INFO] 2025-01-21 10:28:35,256 - "GET /logout/ HTTP/1.1" 302 0
[INFO] 2025-01-21 10:28:35,260 - "GET /login/ HTTP/1.1" 200 2578
[INFO] 2025-01-21 10:28:37,458 - "POST /login/ HTTP/1.1" 302 0
[INFO] 2025-01-21 10:28:37,463 - "GET / HTTP/1.1" 200 4381
[INFO] 2025-01-21 10:28:40,706 - "GET /login/ HTTP/1.1" 200 2666
[INFO] 2025-01-21 10:28:43,626 - "GET /home HTTP/1.1" 301 0
[INFO] 2025-01-21 10:28:43,633 - "GET /home/ HTTP/1.1" 200 4381
[INFO] 2025-01-21 10:28:48,616 - "GET /logout/ HTTP/1.1" 302 0
[INFO] 2025-01-21 10:28:48,619 - "GET /login/ HTTP/1.1" 200 2578
[INFO] 2025-01-21 10:29:09,584 - "GET /services/ HTTP/1.1" 200 4157
[INFO] 2025-01-21 10:29:19,383 - "GET /statistics HTTP/1.1" 301 0
[INFO] 2025-01-21 10:29:19,457 - "GET /statistics/ HTTP/1.1" 200 3572
[INFO] 2025-01-21 10:29:20,323 - "GET /services/ HTTP/1.1" 200 4157
[INFO] 2025-01-21 10:29:30,630 - "GET /statistics/ HTTP/1.1" 200 3572
[INFO] 2025-01-21 10:29:35,028 - "GET /youtube HTTP/1.1" 301 0
[INFO] 2025-01-21 10:29:35,032 - "GET /youtube/ HTTP/1.1" 200 2490
[INFO] 2025-01-21 10:29:40,746 - "GET /admin/ HTTP/1.1" 302 0
[INFO] 2025-01-21 10:29:40,765 - "GET /admin/login/?next=/admin/ HTTP/1.1" 200 4181
[INFO] 2025-01-21 10:29:40,825 - "GET /static/admin/css/base.css HTTP/1.1" 200 21310
[INFO] 2025-01-21 10:29:40,826 - "GET /static/admin/css/dark_mode.css HTTP/1.1" 200 2929
[INFO] 2025-01-21 10:29:40,827 - "GET /static/admin/css/nav_sidebar.css HTTP/1.1" 200 2694
[INFO] 2025-01-21 10:29:40,831 - "GET /static/admin/css/login.css HTTP/1.1" 200 958
[INFO] 2025-01-21 10:29:40,831 - "GET /static/admin/css/responsive.css HTTP/1.1" 200 18559
[INFO] 2025-01-21 10:29:40,832 - "GET /static/admin/js/theme.js HTTP/1.1" 200 1943
[INFO] 2025-01-21 10:29:40,836 - "GET /static/admin/js/nav_sidebar.js HTTP/1.1" 200 3063
[INFO] 2025-01-21 10:29:41,026 - "GET /add-client HTTP/1.1" 301 0
[INFO] 2025-01-21 10:29:41,030 - "GET /add-client/ HTTP/1.1" 200 3821
[INFO] 2025-01-21 10:29:45,350 - "GET /about/ HTTP/1.1" 200 3376
[INFO] 2025-01-21 10:29:47,117 - "GET /logout/ HTTP/1.1" 302 0
[INFO] 2025-01-21 10:29:47,121 - "GET /login/ HTTP/1.1" 200 2578
[INFO] 2025-01-21 10:29:49,743 - "GET /about/ HTTP/1.1" 200 3376
[INFO] 2025-01-21 10:29:51,086 - "GET /login/ HTTP/1.1" 200 2578
[INFO] 2025-01-21 10:29:51,751 - "GET /clients/ HTTP/1.1" 200 7442
[INFO] 2025-01-21 10:29:53,227 - "GET /login/ HTTP/1.1" 200 2578
[INFO] 2025-01-21 10:29:53,790 - "GET /employees/ HTTP/1.1" 200 2775
[INFO] 2025-01-21 10:29:54,576 - "GET /clients/ HTTP/1.1" 200 7442
[INFO] 2025-01-21 10:29:55,880 - "GET /about/ HTTP/1.1" 200 3376
[INFO] 2025-01-21 10:29:59,212 - "GET /clients/ HTTP/1.1" 200 7442
[INFO] 2025-01-21 10:30:00,022 - "GET /about/ HTTP/1.1" 200 3376
[INFO] 2025-01-21 10:30:03,061 - "GET /employees/ HTTP/1.1" 200 2775
[INFO] 2025-01-21 10:30:04,400 - "GET /clients/ HTTP/1.1" 200 7442
[INFO] 2025-01-21 10:30:05,100 - "GET /about/ HTTP/1.1" 200 3376
[INFO] 2025-01-21 10:30:06,722 - "GET /logout/ HTTP/1.1" 302 0
[INFO] 2025-01-21 10:30:06,726 - "GET /login/ HTTP/1.1" 200 2578
[INFO] 2025-01-21 10:30:19,773 - "GET /admin/ HTTP/1.1" 302 0
[INFO] 2025-01-21 10:30:19,781 - "GET /admin/login/?next=/admin/ HTTP/1.1" 200 4181
[INFO] 2025-01-21 10:30:28,153 - "GET /statistics/ HTTP/1.1" 200 3572
[INFO] 2025-01-21 10:30:31,306 - "GET /admin/login/?next=/admin/ HTTP/1.1" 200 4181
[INFO] 2025-01-21 10:30:48,089 - "GET /employees/ HTTP/1.1" 200 2775
[INFO] 2025-01-21 10:30:49,067 - "GET /clients/ HTTP/1.1" 200 7442
[INFO] 2025-01-21 10:30:49,445 - "GET /about/ HTTP/1.1" 200 3376
[INFO] 2025-01-21 10:30:51,157 - "GET /logout/ HTTP/1.1" 302 0
[INFO] 2025-01-21 10:30:51,161 - "GET /login/ HTTP/1.1" 200 2578
[INFO] 2025-01-21 10:30:55,896 - "POST /login/ HTTP/1.1" 200 2578
[INFO] 2025-01-21 10:31:01,565 - "GET /admin/ HTTP/1.1" 302 0
[INFO] 2025-01-21 10:31:01,580 - "GET /admin/login/?next=/admin/ HTTP/1.1" 200 4181
[INFO] 2025-01-21 10:31:01,659 - "GET /static/admin/css/dark_mode.css HTTP/1.1" 200 2929
[INFO] 2025-01-21 10:31:01,660 - "GET /static/admin/css/base.css HTTP/1.1" 200 21310
[INFO] 2025-01-21 10:31:01,660 - "GET /static/admin/css/nav_sidebar.css HTTP/1.1" 200 2694
[INFO] 2025-01-21 10:31:01,675 - "GET /static/admin/css/login.css HTTP/1.1" 200 958
[INFO] 2025-01-21 10:31:01,676 - "GET /static/admin/js/theme.js HTTP/1.1" 200 1943
[INFO] 2025-01-21 10:31:01,676 - "GET /static/admin/css/responsive.css HTTP/1.1" 200 18559
[INFO] 2025-01-21 10:31:01,696 - "GET /static/admin/js/nav_sidebar.js HTTP/1.1" 200 3063
[INFO] 2025-01-21 10:31:02,080 - "GET /add-client HTTP/1.1" 301 0
[INFO] 2025-01-21 10:31:02,085 - "GET /add-client/ HTTP/1.1" 200 3821
[INFO] 2025-01-21 10:31:07,767 - "GET /about/ HTTP/1.1" 200 3376
[INFO] 2025-01-21 10:31:56,585 - Watching for file changes with StatReloader
[INFO] 2025-01-21 10:32:09,430 - "GET / HTTP/1.1" 200 3418
[WARNING] 2025-01-21 10:32:25,837 - Not Found: /register
[WARNING] 2025-01-21 10:32:25,837 - "GET /register HTTP/1.1" 404 10866
[INFO] 2025-01-21 10:32:33,389 - "GET /login HTTP/1.1" 301 0
[INFO] 2025-01-21 10:32:33,395 - "GET /login/ HTTP/1.1" 200 2578
[INFO] 2025-01-21 10:32:39,241 - "GET /home HTTP/1.1" 301 0
[INFO] 2025-01-21 10:32:39,248 - "GET /home/ HTTP/1.1" 200 3418
[INFO] 2025-01-21 10:32:40,863 - "GET /statistics HTTP/1.1" 301 0
[INFO] 2025-01-21 10:32:40,910 - "GET /statistics/ HTTP/1.1" 200 3572
[INFO] 2025-01-21 10:35:25,606 - C:\Users\eachi\PycharmProjects\service_center\service_center\service_center_app\views.py changed, reloading.
[INFO] 2025-01-21 10:35:26,159 - Watching for file changes with StatReloader
[INFO] 2025-01-21 10:35:32,193 - Watching for file changes with StatReloader
[INFO] 2025-01-21 10:35:44,367 - "GET / HTTP/1.1" 200 3418
[INFO] 2025-01-21 10:35:50,506 - "GET /chart HTTP/1.1" 301 0
[INFO] 2025-01-21 10:35:50,716 - "GET /chart/ HTTP/1.1" 200 1481
[INFO] 2025-01-21 10:35:53,087 - "GET /dashboard/ HTTP/1.1" 302 0
[INFO] 2025-01-21 10:35:53,095 - "GET /login/?next=/dashboard/ HTTP/1.1" 200 2578
[INFO] 2025-01-21 10:35:56,709 - "GET /add-client/ HTTP/1.1" 302 0
[INFO] 2025-01-21 10:35:56,714 - "GET /login/?next=/add-client/ HTTP/1.1" 200 2578
[INFO] 2025-01-21 10:36:11,336 - "GET /services/ HTTP/1.1" 302 0
[INFO] 2025-01-21 10:36:11,339 - "GET /login/?next=/services/ HTTP/1.1" 200 2578
[INFO] 2025-01-21 10:36:14,056 - "GET /services/ HTTP/1.1" 302 0
[INFO] 2025-01-21 10:36:14,061 - "GET /login/?next=/services/ HTTP/1.1" 200 2578
[INFO] 2025-01-21 10:36:27,862 - C:\Users\eachi\PycharmProjects\service_center\service_center\service_center_app\views.py changed, reloading.
[INFO] 2025-01-21 10:36:29,448 - Watching for file changes with StatReloader
[INFO] 2025-01-21 10:36:32,338 - Watching for file changes with StatReloader
[INFO] 2025-01-21 10:36:35,880 - "GET / HTTP/1.1" 200 3418
[INFO] 2025-01-21 10:36:36,904 - "GET /services/ HTTP/1.1" 302 0
[INFO] 2025-01-21 10:36:36,911 - "GET /login/?next=/services/ HTTP/1.1" 200 2578
[INFO] 2025-01-21 10:36:44,268 - "GET /admin/ HTTP/1.1" 302 0
[INFO] 2025-01-21 10:36:44,290 - "GET /admin/login/?next=/admin/ HTTP/1.1" 200 4181
[INFO] 2025-01-21 10:36:47,053 - "GET /home/ HTTP/1.1" 200 3418
[INFO] 2025-01-21 10:36:48,870 - "GET /services/ HTTP/1.1" 302 0
[INFO] 2025-01-21 10:36:48,874 - "GET /login/?next=/services/ HTTP/1.1" 200 2578
[INFO] 2025-01-21 10:37:11,091 - C:\Users\eachi\PycharmProjects\service_center\service_center\service_center_app\views.py changed, reloading.
[INFO] 2025-01-21 10:37:11,620 - Watching for file changes with StatReloader
[INFO] 2025-01-21 10:37:15,493 - Watching for file changes with StatReloader
[INFO] 2025-01-21 10:37:21,081 - "GET /login/?next=/services/ HTTP/1.1" 200 2578
[INFO] 2025-01-21 10:37:27,876 - "GET /home/ HTTP/1.1" 200 3418
[INFO] 2025-01-21 10:37:29,702 - "GET /services/ HTTP/1.1" 200 4157
[INFO] 2025-01-21 10:37:32,636 - "GET /news HTTP/1.1" 301 0
[INFO] 2025-01-21 10:37:33,613 - "GET /news/ HTTP/1.1" 200 11891
[INFO] 2025-01-21 10:37:35,970 - "GET /youtube HTTP/1.1" 301 0
[INFO] 2025-01-21 10:37:35,975 - "GET /youtube/ HTTP/1.1" 200 2490
[INFO] 2025-01-21 10:37:38,603 - "GET /timezone HTTP/1.1" 301 0
[INFO] 2025-01-21 10:37:38,663 - "GET /timezone/ HTTP/1.1" 200 1424
[INFO] 2025-01-21 10:37:45,612 - "GET /timezone/ HTTP/1.1" 200 1424
[INFO] 2025-01-21 10:37:47,882 - "GET /logout/ HTTP/1.1" 302 0
[INFO] 2025-01-21 10:37:47,888 - "GET /login/ HTTP/1.1" 200 2578
[INFO] 2025-01-21 10:37:49,606 - "POST /login/ HTTP/1.1" 302 0
[INFO] 2025-01-21 10:37:49,613 - "GET / HTTP/1.1" 200 4381
[INFO] 2025-01-21 10:37:53,422 - "GET /logout/ HTTP/1.1" 302 0
[INFO] 2025-01-21 10:37:53,426 - "GET /login/ HTTP/1.1" 200 2578
[INFO] 2025-01-21 10:37:57,901 - "GET /home/ HTTP/1.1" 200 3418
[WARNING] 2025-01-21 10:38:05,540 - Not Found: /register
[WARNING] 2025-01-21 10:38:05,541 - "GET /register HTTP/1.1" 404 10866
[INFO] 2025-01-21 10:38:36,577 - Watching for file changes with StatReloader
[WARNING] 2025-01-21 10:38:44,591 - Not Found: /register
[WARNING] 2025-01-21 10:38:44,592 - "GET /register HTTP/1.1" 404 10866
[INFO] 2025-01-21 10:38:46,692 - "GET / HTTP/1.1" 200 3351
[INFO] 2025-01-21 10:38:48,013 - "GET /services/ HTTP/1.1" 200 4157
[INFO] 2025-01-21 10:38:51,034 - "GET /login/ HTTP/1.1" 200 2578
[INFO] 2025-01-21 10:38:52,198 - "POST /login/ HTTP/1.1" 302 0
[INFO] 2025-01-21 10:38:52,204 - "GET / HTTP/1.1" 200 4381
[INFO] 2025-01-21 10:38:55,873 - "GET /clients HTTP/1.1" 301 0
[INFO] 2025-01-21 10:38:55,883 - "GET /clients/ HTTP/1.1" 200 7442
